[16-May-2025 13:11:01 UTC] STYLE ENQUEUE FUNCTION TRIGGERED
[16-May-2025 13:11:09 UTC] STYLE ENQUEUE FUNCTION TRIGGERED
[16-May-2025 13:11:34 UTC] STYLE ENQUEUE FUNCTION TRIGGERED
[16-May-2025 13:11:49 UTC] STYLE ENQUEUE FUNCTION TRIGGERED
[16-May-2025 13:12:32 UTC] STYLE ENQUEUE FUNCTION TRIGGERED
[16-May-2025 13:13:44 UTC] STYLE ENQUEUE FUNCTION TRIGGERED
[16-May-2025 13:13:46 UTC] STYLE ENQUEUE FUNCTION TRIGGERED
[16-May-2025 13:14:21 UTC] STYLE ENQUEUE FUNCTION TRIGGERED
[16-May-2025 13:14:45 UTC] STYLE ENQUEUE FUNCTION TRIGGERED
[16-May-2025 13:16:08 UTC] STYLE ENQUEUE FUNCTION TRIGGERED
[16-May-2025 13:16:12 UTC] STYLE ENQUEUE FUNCTION TRIGGERED
[16-May-2025 13:16:13 UTC] STYLE ENQUEUE FUNCTION TRIGGERED
[16-May-2025 13:16:58 UTC] STYLE ENQUEUE FUNCTION TRIGGERED
[16-May-2025 13:16:59 UTC] STYLE ENQUEUE FUNCTION TRIGGERED
[16-May-2025 13:17:09 UTC] STYLE ENQUEUE FUNCTION TRIGGERED
[16-May-2025 13:17:47 UTC] STYLE ENQUEUE FUNCTION TRIGGERED
[16-May-2025 13:19:05 UTC] STYLE ENQUEUE FUNCTION TRIGGERED
[16-May-2025 13:19:09 UTC] STYLE ENQUEUE FUNCTION TRIGGERED
[16-May-2025 13:21:12 UTC] STYLE ENQUEUE FUNCTION TRIGGERED
[16-May-2025 13:23:11 UTC] STYLE ENQUEUE FUNCTION TRIGGERED
[16-May-2025 13:25:11 UTC] STYLE ENQUEUE FUNCTION TRIGGERED
[16-May-2025 13:25:45 UTC] STYLE ENQUEUE FUNCTION TRIGGERED
[16-May-2025 13:25:45 UTC] STYLE ENQUEUE FUNCTION TRIGGERED
[16-May-2025 13:25:47 UTC] STYLE ENQUEUE FUNCTION TRIGGERED
[16-May-2025 13:26:52 UTC] STYLE ENQUEUE FUNCTION TRIGGERED
[16-May-2025 13:26:53 UTC] STYLE ENQUEUE FUNCTION TRIGGERED
[16-May-2025 13:26:53 UTC] STYLE ENQUEUE FUNCTION TRIGGERED
[16-May-2025 13:37:06 UTC] STYLE ENQUEUE FUNCTION TRIGGERED
[16-May-2025 13:37:07 UTC] STYLE ENQUEUE FUNCTION TRIGGERED
[16-May-2025 13:39:05 UTC] STYLE ENQUEUE FUNCTION TRIGGERED
[16-May-2025 13:41:07 UTC] STYLE ENQUEUE FUNCTION TRIGGERED
[16-May-2025 13:41:28 UTC] STYLE ENQUEUE FUNCTION TRIGGERED
[16-May-2025 13:41:34 UTC] STYLE ENQUEUE FUNCTION TRIGGERED
[16-May-2025 13:42:07 UTC] STYLE ENQUEUE FUNCTION TRIGGERED
[16-May-2025 13:43:07 UTC] STYLE ENQUEUE FUNCTION TRIGGERED
[16-May-2025 13:45:07 UTC] STYLE ENQUEUE FUNCTION TRIGGERED
[19-May-2025 07:01:55 UTC] Automatic updates starting...
[19-May-2025 07:01:56 UTC]   Automatic plugin updates starting...
[19-May-2025 07:01:56 UTC]   Automatic plugin updates complete.
[19-May-2025 07:01:57 UTC] Automatic updates complete.
[19-May-2025 09:35:22 UTC] PHP Warning:  Attempt to read property "title" on null in /app/wp-includes/class-wp-customize-widgets.php on line 926
[19-May-2025 12:00:27 UTC] PHP Warning:  Undefined array key "array" in /app/wp-content/themes/WP-Whales/index.php on line 235
[19-May-2025 12:00:27 UTC] PHP Deprecated:  ltrim(): Passing null to parameter #1 ($string) of type string is deprecated in /app/wp-includes/formatting.php on line 4476
[19-May-2025 12:00:27 UTC] PHP Warning:  Undefined array key "array" in /app/wp-content/themes/WP-Whales/index.php on line 235
[19-May-2025 12:00:27 UTC] PHP Deprecated:  ltrim(): Passing null to parameter #1 ($string) of type string is deprecated in /app/wp-includes/formatting.php on line 4476
[19-May-2025 12:00:27 UTC] PHP Warning:  Undefined array key "array" in /app/wp-content/themes/WP-Whales/index.php on line 235
[19-May-2025 12:00:27 UTC] PHP Deprecated:  ltrim(): Passing null to parameter #1 ($string) of type string is deprecated in /app/wp-includes/formatting.php on line 4476
[19-May-2025 12:00:28 UTC] PHP Warning:  Undefined array key "array" in /app/wp-content/themes/WP-Whales/index.php on line 235
[19-May-2025 12:00:28 UTC] PHP Deprecated:  ltrim(): Passing null to parameter #1 ($string) of type string is deprecated in /app/wp-includes/formatting.php on line 4476
[19-May-2025 12:00:28 UTC] PHP Warning:  Undefined array key "array" in /app/wp-content/themes/WP-Whales/index.php on line 235
[19-May-2025 12:00:28 UTC] PHP Deprecated:  ltrim(): Passing null to parameter #1 ($string) of type string is deprecated in /app/wp-includes/formatting.php on line 4476
[19-May-2025 12:00:28 UTC] PHP Warning:  Undefined array key "array" in /app/wp-content/themes/WP-Whales/index.php on line 235
[19-May-2025 12:00:28 UTC] PHP Deprecated:  ltrim(): Passing null to parameter #1 ($string) of type string is deprecated in /app/wp-includes/formatting.php on line 4476
[19-May-2025 12:07:58 UTC] Automatic updates starting...
[19-May-2025 12:07:59 UTC]   Automatic plugin updates starting...
[19-May-2025 12:07:59 UTC]   Automatic plugin updates complete.
[19-May-2025 12:08:00 UTC] Automatic updates complete.
[19-May-2025 12:44:55 UTC] PHP Deprecated:  explode(): Passing null to parameter #2 ($string) of type string is deprecated in /app/wp-content/themes/WP-Whales/index.php on line 73
[19-May-2025 12:44:56 UTC] PHP Deprecated:  explode(): Passing null to parameter #2 ($string) of type string is deprecated in /app/wp-content/themes/WP-Whales/index.php on line 73
[19-May-2025 12:46:10 UTC] PHP Deprecated:  preg_split(): Passing null to parameter #2 ($subject) of type string is deprecated in /app/wp-content/themes/WP-Whales/index.php on line 73
[19-May-2025 12:53:01 UTC] PHP Deprecated:  explode(): Passing null to parameter #2 ($string) of type string is deprecated in /app/wp-content/themes/WP-Whales/index.php on line 73
[19-May-2025 12:53:01 UTC] PHP Deprecated:  explode(): Passing null to parameter #2 ($string) of type string is deprecated in /app/wp-content/themes/WP-Whales/index.php on line 73
[19-May-2025 12:53:37 UTC] PHP Deprecated:  preg_split(): Passing null to parameter #2 ($subject) of type string is deprecated in /app/wp-content/themes/WP-Whales/index.php on line 73
[19-May-2025 12:54:35 UTC] PHP Deprecated:  preg_split(): Passing null to parameter #2 ($subject) of type string is deprecated in /app/wp-content/themes/WP-Whales/index.php on line 73
[19-May-2025 12:54:36 UTC] PHP Deprecated:  preg_split(): Passing null to parameter #2 ($subject) of type string is deprecated in /app/wp-content/themes/WP-Whales/index.php on line 73
[19-May-2025 12:54:37 UTC] PHP Deprecated:  preg_split(): Passing null to parameter #2 ($subject) of type string is deprecated in /app/wp-content/themes/WP-Whales/index.php on line 73
